<?xml version="1.0" encoding="UTF-8"?>
<!-- Generated by org.testng.reporters.JUnitReportReporter -->
<testsuite hostname="LAPTOP-UL93EIN5" failures="0" tests="2" name="TestCases.verifyLogin" time="111.889" errors="0" timestamp="2023-02-23T13:56:37 IST" skipped="0">
  <testcase classname="TestCases.verifyLogin" name="login" time="17.943"/>
  <system-out/>
  <testcase classname="TestCases.verifyLogin" name="login" time="93.946"/>
  <system-out/>
</testsuite> <!-- TestCases.verifyLogin -->
